<?xml version="1.0" encoding="UTF-8"?>
<robot generator="Robot 3.1.2 (Python 3.7.4 on win32)" generated="20190913 23:10:03.288" rpa="false">
<suite id="s1" name="TestSuite2" source="C:\Users\Admin\eclipse-workspace\FirstRobot\test\TestSuite2.robot">
<kw name="Log" library="BuiltIn" type="setup">
<doc>Logs the given message with the given level.</doc>
<arguments>
<arg>I am inside TestSuite Setup</arg>
</arguments>
<msg timestamp="20190913 23:10:03.478" level="INFO">I am inside TestSuite Setup</msg>
<status status="PASS" starttime="20190913 23:10:03.478" endtime="20190913 23:10:03.478"></status>
</kw>
<test id="s1-t1" name="FirstTest">
<kw name="Log" library="BuiltIn" type="setup">
<doc>Logs the given message with the given level.</doc>
<arguments>
<arg>I am inside Test Setup</arg>
</arguments>
<msg timestamp="20190913 23:10:03.479" level="INFO">I am inside Test Setup</msg>
<status status="PASS" starttime="20190913 23:10:03.479" endtime="20190913 23:10:03.479"></status>
</kw>
<kw name="Log" library="BuiltIn">
<doc>Logs the given message with the given level.</doc>
<arguments>
<arg>I am in FirstTest</arg>
</arguments>
<msg timestamp="20190913 23:10:03.479" level="INFO">I am in FirstTest</msg>
<status status="PASS" starttime="20190913 23:10:03.479" endtime="20190913 23:10:03.479"></status>
</kw>
<kw name="Log" library="BuiltIn" type="teardown">
<doc>Logs the given message with the given level.</doc>
<arguments>
<arg>I am inside Test Teardown</arg>
</arguments>
<msg timestamp="20190913 23:10:03.480" level="INFO">I am inside Test Teardown</msg>
<status status="PASS" starttime="20190913 23:10:03.480" endtime="20190913 23:10:03.480"></status>
</kw>
<tags>
<tag>myregression1</tag>
<tag>smoke</tag>
</tags>
<status status="PASS" starttime="20190913 23:10:03.478" endtime="20190913 23:10:03.481" critical="yes"></status>
</test>
<kw name="Log" library="BuiltIn" type="teardown">
<doc>Logs the given message with the given level.</doc>
<arguments>
<arg>I am inside TestSuite Suite Teardown</arg>
</arguments>
<msg timestamp="20190913 23:10:03.483" level="INFO">I am inside TestSuite Suite Teardown</msg>
<status status="PASS" starttime="20190913 23:10:03.482" endtime="20190913 23:10:03.483"></status>
</kw>
<status status="PASS" starttime="20190913 23:10:03.289" endtime="20190913 23:10:03.483"></status>
</suite>
<statistics>
<total>
<stat pass="1" fail="0">Critical Tests</stat>
<stat pass="1" fail="0">All Tests</stat>
</total>
<tag>
<stat pass="1" fail="0">myregression1</stat>
<stat pass="1" fail="0">smoke</stat>
</tag>
<suite>
<stat pass="1" fail="0" id="s1" name="TestSuite2">TestSuite2</stat>
</suite>
</statistics>
<errors>
</errors>
</robot>
